2025-03-29 14:35:39,578 - uvicorn.error - INFO - Started server process [17924]
2025-03-29 14:35:39,578 - uvicorn.error - INFO - Waiting for application startup.
2025-03-29 14:35:39,578 - uvicorn.error - INFO - Application startup complete.
2025-03-29 14:35:40,012 - uvicorn.error - ERROR - Traceback (most recent call last):
  File "C:\Program Files\Python312\Lib\asyncio\runners.py", line 118, in run
    return self._loop.run_until_complete(task)
           ^^^^^^^^^^^^^^^^^^^^^^^^^^^^^^^^^^^
  File "C:\Program Files\Python312\Lib\asyncio\base_events.py", line 687, in run_until_complete
    return future.result()
           ^^^^^^^^^^^^^^^
asyncio.exceptions.CancelledError

During handling of the above exception, another exception occurred:

Traceback (most recent call last):
  File "C:\Program Files\Python312\Lib\asyncio\runners.py", line 194, in run
    return runner.run(main)
           ^^^^^^^^^^^^^^^^
  File "C:\Program Files\Python312\Lib\asyncio\runners.py", line 123, in run
    raise KeyboardInterrupt()
KeyboardInterrupt

During handling of the above exception, another exception occurred:

Traceback (most recent call last):
  File "C:\Users\Konnetor\AppData\Roaming\Python\Python312\site-packages\starlette\routing.py", line 700, in lifespan
    await receive()
  File "C:\Users\Konnetor\AppData\Roaming\Python\Python312\site-packages\uvicorn\lifespan\on.py", line 137, in receive
    return await self.receive_queue.get()
           ^^^^^^^^^^^^^^^^^^^^^^^^^^^^^^
  File "C:\Program Files\Python312\Lib\asyncio\queues.py", line 158, in get
    await getter
asyncio.exceptions.CancelledError

2025-03-29 14:35:44,204 - uvicorn.error - INFO - Started server process [10252]
2025-03-29 14:35:44,208 - uvicorn.error - INFO - Waiting for application startup.
2025-03-29 14:35:44,213 - uvicorn.error - INFO - Application startup complete.
2025-03-29 14:50:37,303 - uvicorn.error - INFO - Shutting down
2025-03-29 14:50:37,412 - uvicorn.error - INFO - Waiting for application shutdown.
2025-03-29 14:50:37,413 - uvicorn.error - INFO - Application shutdown complete.
2025-03-29 14:50:37,413 - uvicorn.error - INFO - Finished server process [10252]
2025-03-29 14:50:42,157 - uvicorn.error - INFO - Started server process [13260]
2025-03-29 14:50:42,157 - uvicorn.error - INFO - Waiting for application startup.
2025-03-29 14:50:42,157 - uvicorn.error - INFO - Application startup complete.
2025-03-29 14:50:44,094 - uvicorn.error - INFO - Shutting down
2025-03-29 14:50:44,195 - uvicorn.error - INFO - Waiting for application shutdown.
2025-03-29 14:50:44,196 - uvicorn.error - INFO - Application shutdown complete.
2025-03-29 14:50:44,196 - uvicorn.error - INFO - Finished server process [13260]
2025-03-29 14:50:47,687 - uvicorn.error - INFO - Started server process [18364]
2025-03-29 14:50:47,694 - uvicorn.error - INFO - Waiting for application startup.
2025-03-29 14:50:47,707 - uvicorn.error - INFO - Application startup complete.
